c:\users\andrei\source\repos\proiect-muzeu-s3d\muzeu\muzeu\x64\debug\vc143.pdb
c:\users\andrei\source\repos\proiect-muzeu-s3d\muzeu\muzeu\x64\debug\vc143.idb
c:\users\andrei\source\repos\proiect-muzeu-s3d\muzeu\muzeu\x64\debug\shader.obj
c:\users\andrei\source\repos\proiect-muzeu-s3d\muzeu\muzeu\x64\debug\muzeu.obj
c:\users\andrei\source\repos\proiect-muzeu-s3d\muzeu\muzeu\x64\debug\model.obj
c:\users\andrei\source\repos\proiect-muzeu-s3d\muzeu\muzeu\x64\debug\mesh.obj
c:\users\andrei\source\repos\proiect-muzeu-s3d\muzeu\x64\debug\muzeu.pdb
c:\users\andrei\source\repos\proiect-muzeu-s3d\muzeu\muzeu\x64\debug\muzeu.tlog\cl.command.1.tlog
c:\users\andrei\source\repos\proiect-muzeu-s3d\muzeu\muzeu\x64\debug\muzeu.tlog\cl.read.1.tlog
c:\users\andrei\source\repos\proiect-muzeu-s3d\muzeu\muzeu\x64\debug\muzeu.tlog\cl.write.1.tlog
c:\users\andrei\source\repos\proiect-muzeu-s3d\muzeu\muzeu\x64\debug\muzeu.tlog\link-cvtres.read.1.tlog
c:\users\andrei\source\repos\proiect-muzeu-s3d\muzeu\muzeu\x64\debug\muzeu.tlog\link-cvtres.write.1.tlog
c:\users\andrei\source\repos\proiect-muzeu-s3d\muzeu\muzeu\x64\debug\muzeu.tlog\link-rc.read.1.tlog
c:\users\andrei\source\repos\proiect-muzeu-s3d\muzeu\muzeu\x64\debug\muzeu.tlog\link-rc.write.1.tlog
c:\users\andrei\source\repos\proiect-muzeu-s3d\muzeu\muzeu\x64\debug\muzeu.tlog\link.command.1.tlog
c:\users\andrei\source\repos\proiect-muzeu-s3d\muzeu\muzeu\x64\debug\muzeu.tlog\link.read.1.tlog
c:\users\andrei\source\repos\proiect-muzeu-s3d\muzeu\muzeu\x64\debug\muzeu.tlog\link.read.2.tlog
c:\users\andrei\source\repos\proiect-muzeu-s3d\muzeu\muzeu\x64\debug\muzeu.tlog\link.read.3.tlog
c:\users\andrei\source\repos\proiect-muzeu-s3d\muzeu\muzeu\x64\debug\muzeu.tlog\link.read.4.tlog
c:\users\andrei\source\repos\proiect-muzeu-s3d\muzeu\muzeu\x64\debug\muzeu.tlog\link.write.1.tlog
