  Muzeu.cpp
C:\Users\pestr\source\repos\Proiect-muzeu-s3d\Muzeu\Muzeu\Muzeu.cpp(147,21): warning C4305: 'initializing': truncation from 'double' to 'float'
C:\Users\pestr\source\repos\Proiect-muzeu-s3d\Muzeu\Muzeu\Muzeu.cpp(526,31): warning C4244: '=': conversion from 'const _Ty' to 'float', possible loss of data
C:\Users\pestr\source\repos\Proiect-muzeu-s3d\Muzeu\Muzeu\Muzeu.cpp(526,31): warning C4244:         with
C:\Users\pestr\source\repos\Proiect-muzeu-s3d\Muzeu\Muzeu\Muzeu.cpp(526,31): warning C4244:         [
C:\Users\pestr\source\repos\Proiect-muzeu-s3d\Muzeu\Muzeu\Muzeu.cpp(526,31): warning C4244:             _Ty=double
C:\Users\pestr\source\repos\Proiect-muzeu-s3d\Muzeu\Muzeu\Muzeu.cpp(526,31): warning C4244:         ]
C:\Users\pestr\source\repos\Proiect-muzeu-s3d\Muzeu\Muzeu\Muzeu.cpp(527,33): warning C4244: '=': conversion from 'const _Ty' to 'float', possible loss of data
C:\Users\pestr\source\repos\Proiect-muzeu-s3d\Muzeu\Muzeu\Muzeu.cpp(527,33): warning C4244:         with
C:\Users\pestr\source\repos\Proiect-muzeu-s3d\Muzeu\Muzeu\Muzeu.cpp(527,33): warning C4244:         [
C:\Users\pestr\source\repos\Proiect-muzeu-s3d\Muzeu\Muzeu\Muzeu.cpp(527,33): warning C4244:             _Ty=double
C:\Users\pestr\source\repos\Proiect-muzeu-s3d\Muzeu\Muzeu\Muzeu.cpp(527,33): warning C4244:         ]
C:\Users\pestr\source\repos\Proiect-muzeu-s3d\Muzeu\Muzeu\Muzeu.cpp(531,31): warning C4244: '=': conversion from 'const _Ty' to 'float', possible loss of data
C:\Users\pestr\source\repos\Proiect-muzeu-s3d\Muzeu\Muzeu\Muzeu.cpp(531,31): warning C4244:         with
C:\Users\pestr\source\repos\Proiect-muzeu-s3d\Muzeu\Muzeu\Muzeu.cpp(531,31): warning C4244:         [
C:\Users\pestr\source\repos\Proiect-muzeu-s3d\Muzeu\Muzeu\Muzeu.cpp(531,31): warning C4244:             _Ty=double
C:\Users\pestr\source\repos\Proiect-muzeu-s3d\Muzeu\Muzeu\Muzeu.cpp(531,31): warning C4244:         ]
C:\Users\pestr\source\repos\Proiect-muzeu-s3d\Muzeu\Muzeu\Muzeu.cpp(532,33): warning C4244: '=': conversion from 'const _Ty' to 'float', possible loss of data
C:\Users\pestr\source\repos\Proiect-muzeu-s3d\Muzeu\Muzeu\Muzeu.cpp(532,33): warning C4244:         with
C:\Users\pestr\source\repos\Proiect-muzeu-s3d\Muzeu\Muzeu\Muzeu.cpp(532,33): warning C4244:         [
C:\Users\pestr\source\repos\Proiect-muzeu-s3d\Muzeu\Muzeu\Muzeu.cpp(532,33): warning C4244:             _Ty=double
C:\Users\pestr\source\repos\Proiect-muzeu-s3d\Muzeu\Muzeu\Muzeu.cpp(532,33): warning C4244:         ]
  Muzeu.vcxproj -> C:\Users\pestr\source\repos\Proiect-muzeu-s3d\Muzeu\x64\Debug\Muzeu.exe
